<?xml version="1.0" encoding="UTF-8"?>
<!-- Generated by org.testng.reporters.JUnitReportReporter -->
<testsuite hostname="DESKTOP-41EGIF3" failures="0" tests="1" name="com.onlinebanking.testscript.TestNGPrac" time="0.016" errors="0" timestamp="2023-05-25T10:18:03 IST" skipped="0">
  <testcase classname="com.onlinebanking.testscript.TestNGPrac" name="createAccount" time="0.016"/>
  <system-out/>
</testsuite> <!-- com.onlinebanking.testscript.TestNGPrac -->
