<?xml version="1.0" encoding="UTF-8"?>
<!-- Generated by org.testng.reporters.JUnitReportReporter -->
<testsuite hostname="DESKTOP-41EGIF3" failures="0" tests="1" name="com.banking.user_StaffModule.testscriptsUsingAssertion.FundTransferTest" time="12.437" errors="0" timestamp="2023-05-30T12:19:28 IST" skipped="0">
  <testcase classname="com.banking.user_StaffModule.testscriptsUsingAssertion.FundTransferTest" name="fundTransfer" time="12.437"/>
  <system-out/>
</testsuite> <!-- com.banking.user_StaffModule.testscriptsUsingAssertion.FundTransferTest -->
