<?xml version="1.0" encoding="UTF-8"?>
<!-- Generated by org.testng.reporters.JUnitReportReporter -->
<testsuite hostname="DESKTOP-41EGIF3" failures="0" tests="1" name="com.onlinebanking.testscript.OpenAcUsingBaseClassTest" time="5.022" errors="0" timestamp="2023-05-25T11:23:15 IST" skipped="0">
  <testcase classname="com.onlinebanking.testscript.OpenAcUsingBaseClassTest" name="openAccount" time="5.022"/>
  <system-out/>
</testsuite> <!-- com.onlinebanking.testscript.OpenAcUsingBaseClassTest -->
