<?xml version="1.0" encoding="UTF-8"?>
<!-- Generated by org.testng.reporters.JUnitReportReporter -->
<testsuite hostname="DESKTOP-41EGIF3" failures="0" tests="1" name="com.banking.user_StaffModule.testscriptsUsingAssertion.CreditCustomerTest" time="4.779" errors="0" timestamp="2023-05-30T12:32:46 IST" skipped="0">
  <testcase classname="com.banking.user_StaffModule.testscriptsUsingAssertion.CreditCustomerTest" name="creditCustomer" time="4.779"/>
  <system-out/>
</testsuite> <!-- com.banking.user_StaffModule.testscriptsUsingAssertion.CreditCustomerTest -->
