<?xml version="1.0" encoding="UTF-8"?>
<!-- Generated by org.testng.reporters.JUnitReportReporter -->
<testsuite hostname="DESKTOP-41EGIF3" failures="0" tests="1" name="com.banking.user_StaffModule.testscriptsUsingAssertion.ApproveAccountTest" time="4.285" errors="0" timestamp="2023-05-26T17:53:40 IST" skipped="0">
  <testcase classname="com.banking.user_StaffModule.testscriptsUsingAssertion.ApproveAccountTest" name="openAccount" time="4.285"/>
  <system-out>
    <![CDATA[ApproveAccountTest testcase is passed]]>
  </system-out>
</testsuite> <!-- com.banking.user_StaffModule.testscriptsUsingAssertion.ApproveAccountTest -->
