<?xml version="1.0" encoding="UTF-8"?>
<!-- Generated by org.testng.reporters.JUnitReportReporter -->
<testsuite hostname="DESKTOP-41EGIF3" failures="0" tests="1" name="com.onlinebanking.testscriptUtilities.TestNGPracTest" time="0.219" errors="0" timestamp="2023-05-26T17:53:40 IST" skipped="0">
  <testcase classname="com.onlinebanking.testscriptUtilities.TestNGPracTest" name="createAccount" time="0.219"/>
  <system-out/>
</testsuite> <!-- com.onlinebanking.testscriptUtilities.TestNGPracTest -->
