<?xml version="1.0" encoding="UTF-8"?>
<!-- Generated by org.testng.reporters.JUnitReportReporter -->
<testsuite hostname="DESKTOP-41EGIF3" failures="0" tests="1" name="com.onlinebanking.testscript.TestNGPracTest" time="0.309" errors="0" timestamp="2023-05-25T10:41:18 IST" skipped="0">
  <testcase classname="com.onlinebanking.testscript.TestNGPracTest" name="createAccount" time="0.309"/>
  <system-out/>
</testsuite> <!-- com.onlinebanking.testscript.TestNGPracTest -->
