<?xml version="1.0" encoding="UTF-8"?>
<!-- Generated by org.testng.reporters.JUnitReportReporter -->
<testsuite hostname="DESKTOP-41EGIF3" failures="0" tests="1" name="com.banking.userModule.testscriptUsingBC.OpenAcUsingBaseClassTest" time="4.753" errors="0" timestamp="2023-05-25T11:25:03 IST" skipped="0">
  <testcase classname="com.banking.userModule.testscriptUsingBC.OpenAcUsingBaseClassTest" name="openAccount" time="4.753"/>
  <system-out/>
</testsuite> <!-- com.banking.userModule.testscriptUsingBC.OpenAcUsingBaseClassTest -->
