<?xml version="1.0" encoding="UTF-8"?>
<!-- Generated by org.testng.reporters.JUnitReportReporter -->
<testsuite hostname="DESKTOP-41EGIF3" failures="0" tests="2" name="com.banking.userModule.testscriptUsingBC.OpenAccountTest" time="8.220" errors="0" timestamp="2023-05-25T15:12:12 IST" skipped="0">
  <testcase classname="com.banking.userModule.testscriptUsingBC.OpenAccountTest" name="openAccount" time="5.869"/>
  <system-out/>
  <testcase classname="com.banking.userModule.testscriptUsingBC.OpenAccountTest" name="approveAccount" time="2.351"/>
  <system-out/>
</testsuite> <!-- com.banking.userModule.testscriptUsingBC.OpenAccountTest -->
