<?xml version="1.0" encoding="UTF-8"?>
<!-- Generated by org.testng.reporters.JUnitReportReporter -->
<testsuite hostname="DESKTOP-41EGIF3" failures="0" tests="1" name="com.banking.user_StaffModule.testscriptUsingBC.ApplyDebitCardTest" time="8.952" errors="0" timestamp="2023-05-30T15:13:55 IST" skipped="0">
  <testcase classname="com.banking.user_StaffModule.testscriptUsingBC.ApplyDebitCardTest" name="applyDebitCard" time="8.952"/>
  <system-out/>
</testsuite> <!-- com.banking.user_StaffModule.testscriptUsingBC.ApplyDebitCardTest -->
